2025-11-25 17:00:27,544 - INFO - Fichier introuvable : C - __main__ - send_email - 334 - MainThread
2025-11-25 17:00:27,545 - INFO - Fichier introuvable : : - __main__ - send_email - 334 - MainThread
2025-11-25 17:00:27,552 - INFO - Fichier introuvable : \ - __main__ - send_email - 334 - MainThread
2025-11-25 17:00:27,555 - INFO - Fichier introuvable : t - __main__ - send_email - 334 - MainThread
2025-11-25 17:00:27,556 - INFO - Fichier introuvable : e - __main__ - send_email - 334 - MainThread
2025-11-25 17:00:27,557 - INFO - Fichier introuvable : m - __main__ - send_email - 334 - MainThread
2025-11-25 17:00:27,557 - INFO - Fichier introuvable : p - __main__ - send_email - 334 - MainThread
2025-11-25 17:00:27,558 - INFO - Fichier introuvable : \ - __main__ - send_email - 334 - MainThread
2025-11-25 17:00:27,560 - INFO - Fichier introuvable : d - __main__ - send_email - 334 - MainThread
2025-11-25 17:00:27,561 - INFO - Fichier introuvable : a - __main__ - send_email - 334 - MainThread
2025-11-25 17:00:27,562 - INFO - Fichier introuvable : t - __main__ - send_email - 334 - MainThread
2025-11-25 17:00:27,563 - INFO - Fichier introuvable : a - __main__ - send_email - 334 - MainThread
2025-11-25 17:00:27,563 - INFO - Fichier introuvable : b - __main__ - send_email - 334 - MainThread
2025-11-25 17:00:27,566 - INFO - Fichier introuvable : a - __main__ - send_email - 334 - MainThread
2025-11-25 17:00:27,567 - INFO - Fichier introuvable : s - __main__ - send_email - 334 - MainThread
2025-11-25 17:00:27,568 - INFO - Fichier introuvable : e - __main__ - send_email - 334 - MainThread
2025-11-25 17:00:27,572 - INFO - Fichier introuvable : _ - __main__ - send_email - 334 - MainThread
2025-11-25 17:00:27,575 - INFO - Fichier introuvable : b - __main__ - send_email - 334 - MainThread
2025-11-25 17:00:27,576 - INFO - Fichier introuvable : a - __main__ - send_email - 334 - MainThread
2025-11-25 17:00:27,576 - INFO - Fichier introuvable : c - __main__ - send_email - 334 - MainThread
2025-11-25 17:00:27,577 - INFO - Fichier introuvable : k - __main__ - send_email - 334 - MainThread
2025-11-25 17:00:27,578 - INFO - Fichier introuvable : u - __main__ - send_email - 334 - MainThread
2025-11-25 17:00:27,579 - INFO - Fichier introuvable : p - __main__ - send_email - 334 - MainThread
2025-11-25 17:00:27,579 - INFO - Fichier introuvable : _ - __main__ - send_email - 334 - MainThread
2025-11-25 17:00:27,585 - INFO - Fichier introuvable : 2 - __main__ - send_email - 334 - MainThread
2025-11-25 17:00:27,586 - INFO - Fichier introuvable : 0 - __main__ - send_email - 334 - MainThread
2025-11-25 17:00:27,587 - INFO - Fichier introuvable : 2 - __main__ - send_email - 334 - MainThread
2025-11-25 17:00:27,588 - INFO - Fichier introuvable : 5 - __main__ - send_email - 334 - MainThread
2025-11-25 17:00:27,588 - INFO - Fichier introuvable : 1 - __main__ - send_email - 334 - MainThread
2025-11-25 17:00:27,589 - INFO - Fichier introuvable : 1 - __main__ - send_email - 334 - MainThread
2025-11-25 17:00:27,590 - INFO - Fichier introuvable : 2 - __main__ - send_email - 334 - MainThread
2025-11-25 17:00:27,591 - INFO - Fichier introuvable : 5 - __main__ - send_email - 334 - MainThread
2025-11-25 17:00:27,592 - INFO - Fichier introuvable : _ - __main__ - send_email - 334 - MainThread
2025-11-25 17:00:27,593 - INFO - Fichier introuvable : 1 - __main__ - send_email - 334 - MainThread
2025-11-25 17:00:27,594 - INFO - Fichier introuvable : 7 - __main__ - send_email - 334 - MainThread
2025-11-25 17:00:27,594 - INFO - Fichier introuvable : 0 - __main__ - send_email - 334 - MainThread
2025-11-25 17:00:27,595 - INFO - Fichier introuvable : 0 - __main__ - send_email - 334 - MainThread
2025-11-25 17:00:27,596 - INFO - Fichier introuvable : 2 - __main__ - send_email - 334 - MainThread
2025-11-25 17:00:27,598 - INFO - Fichier introuvable : 7 - __main__ - send_email - 334 - MainThread
2025-11-25 17:00:27,601 - INFO - Fichier introuvable : . - __main__ - send_email - 334 - MainThread
2025-11-25 17:00:27,602 - INFO - Fichier introuvable : z - __main__ - send_email - 334 - MainThread
2025-11-25 17:00:27,604 - INFO - Fichier introuvable : i - __main__ - send_email - 334 - MainThread
2025-11-25 17:00:27,606 - INFO - Fichier introuvable : p - __main__ - send_email - 334 - MainThread
2025-11-25 17:00:27,896 - INFO - Tentative SSL sur smtp.gmail.com:465 - __main__ - send_email - 364 - MainThread
2025-11-25 17:00:30,138 - INFO - Connexion réussie à smtp.gmail.com:465 avec SSL. - __main__ - try_ssl - 349 - MainThread
2025-11-25 17:00:31,340 - INFO - Email envoyé avec SSL. - __main__ - send_email - 366 - MainThread
2025-11-25 17:06:49,454 - INFO - Fichier introuvable : C - __main__ - send_email - 334 - MainThread
2025-11-25 17:06:49,456 - INFO - Fichier introuvable : : - __main__ - send_email - 334 - MainThread
2025-11-25 17:06:49,457 - INFO - Fichier introuvable : \ - __main__ - send_email - 334 - MainThread
2025-11-25 17:06:49,458 - INFO - Fichier introuvable : t - __main__ - send_email - 334 - MainThread
2025-11-25 17:06:49,458 - INFO - Fichier introuvable : e - __main__ - send_email - 334 - MainThread
2025-11-25 17:06:49,459 - INFO - Fichier introuvable : m - __main__ - send_email - 334 - MainThread
2025-11-25 17:06:49,459 - INFO - Fichier introuvable : p - __main__ - send_email - 334 - MainThread
2025-11-25 17:06:49,460 - INFO - Fichier introuvable : \ - __main__ - send_email - 334 - MainThread
2025-11-25 17:06:49,461 - INFO - Fichier introuvable : d - __main__ - send_email - 334 - MainThread
2025-11-25 17:06:49,462 - INFO - Fichier introuvable : a - __main__ - send_email - 334 - MainThread
2025-11-25 17:06:49,463 - INFO - Fichier introuvable : t - __main__ - send_email - 334 - MainThread
2025-11-25 17:06:49,465 - INFO - Fichier introuvable : a - __main__ - send_email - 334 - MainThread
2025-11-25 17:06:49,467 - INFO - Fichier introuvable : b - __main__ - send_email - 334 - MainThread
2025-11-25 17:06:49,471 - INFO - Fichier introuvable : a - __main__ - send_email - 334 - MainThread
2025-11-25 17:06:49,472 - INFO - Fichier introuvable : s - __main__ - send_email - 334 - MainThread
2025-11-25 17:06:49,472 - INFO - Fichier introuvable : e - __main__ - send_email - 334 - MainThread
2025-11-25 17:06:49,473 - INFO - Fichier introuvable : _ - __main__ - send_email - 334 - MainThread
2025-11-25 17:06:49,473 - INFO - Fichier introuvable : b - __main__ - send_email - 334 - MainThread
2025-11-25 17:06:49,474 - INFO - Fichier introuvable : a - __main__ - send_email - 334 - MainThread
2025-11-25 17:06:49,474 - INFO - Fichier introuvable : c - __main__ - send_email - 334 - MainThread
2025-11-25 17:06:49,476 - INFO - Fichier introuvable : k - __main__ - send_email - 334 - MainThread
2025-11-25 17:06:49,476 - INFO - Fichier introuvable : u - __main__ - send_email - 334 - MainThread
2025-11-25 17:06:49,477 - INFO - Fichier introuvable : p - __main__ - send_email - 334 - MainThread
2025-11-25 17:06:49,478 - INFO - Fichier introuvable : _ - __main__ - send_email - 334 - MainThread
2025-11-25 17:06:49,478 - INFO - Fichier introuvable : 2 - __main__ - send_email - 334 - MainThread
2025-11-25 17:06:49,479 - INFO - Fichier introuvable : 0 - __main__ - send_email - 334 - MainThread
2025-11-25 17:06:49,479 - INFO - Fichier introuvable : 2 - __main__ - send_email - 334 - MainThread
2025-11-25 17:06:49,480 - INFO - Fichier introuvable : 5 - __main__ - send_email - 334 - MainThread
2025-11-25 17:06:49,482 - INFO - Fichier introuvable : 1 - __main__ - send_email - 334 - MainThread
2025-11-25 17:06:49,482 - INFO - Fichier introuvable : 1 - __main__ - send_email - 334 - MainThread
2025-11-25 17:06:49,483 - INFO - Fichier introuvable : 2 - __main__ - send_email - 334 - MainThread
2025-11-25 17:06:49,484 - INFO - Fichier introuvable : 5 - __main__ - send_email - 334 - MainThread
2025-11-25 17:06:49,485 - INFO - Fichier introuvable : _ - __main__ - send_email - 334 - MainThread
2025-11-25 17:06:49,486 - INFO - Fichier introuvable : 1 - __main__ - send_email - 334 - MainThread
2025-11-25 17:06:49,489 - INFO - Fichier introuvable : 7 - __main__ - send_email - 334 - MainThread
2025-11-25 17:06:49,490 - INFO - Fichier introuvable : 0 - __main__ - send_email - 334 - MainThread
2025-11-25 17:06:49,491 - INFO - Fichier introuvable : 6 - __main__ - send_email - 334 - MainThread
2025-11-25 17:06:49,492 - INFO - Fichier introuvable : 4 - __main__ - send_email - 334 - MainThread
2025-11-25 17:06:49,492 - INFO - Fichier introuvable : 9 - __main__ - send_email - 334 - MainThread
2025-11-25 17:06:49,493 - INFO - Fichier introuvable : . - __main__ - send_email - 334 - MainThread
2025-11-25 17:06:49,494 - INFO - Fichier introuvable : z - __main__ - send_email - 334 - MainThread
2025-11-25 17:06:49,496 - INFO - Fichier introuvable : i - __main__ - send_email - 334 - MainThread
2025-11-25 17:06:49,496 - INFO - Fichier introuvable : p - __main__ - send_email - 334 - MainThread
2025-11-25 17:06:49,577 - INFO - Tentative SSL sur smtp.gmail.com:465 - __main__ - send_email - 364 - MainThread
2025-11-25 17:06:51,423 - INFO - Connexion réussie à smtp.gmail.com:465 avec SSL. - __main__ - try_ssl - 349 - MainThread
2025-11-25 17:06:52,443 - INFO - Email envoyé avec SSL. - __main__ - send_email - 366 - MainThread
2025-11-25 17:13:38,496 - INFO - Tentative SSL sur smtp.gmail.com:465 - __main__ - send_email - 364 - MainThread
2025-11-25 17:13:40,644 - INFO - Connexion réussie à smtp.gmail.com:465 avec SSL. - __main__ - try_ssl - 349 - MainThread
2025-11-25 17:13:44,497 - INFO - Email envoyé avec SSL. - __main__ - send_email - 366 - MainThread
2025-11-25 17:41:11,949 - INFO - Tentative SSL sur smtp.gmail.com:465 - __main__ - send_email - 364 - MainThread
2025-11-25 17:41:13,798 - INFO - Connexion réussie à smtp.gmail.com:465 avec SSL. - __main__ - try_ssl - 349 - MainThread
2025-11-25 17:41:17,334 - INFO - Email envoyé avec SSL. - __main__ - send_email - 366 - MainThread
