2025-10-21 10:22:48,416 - INFO - Creating app.db... - __main__ - <module> - 23 - MainThread
2025-10-21 10:22:49,381 - INFO - Created app.db - __main__ - <module> - 25 - MainThread
2025-10-21 10:26:37,380 - INFO - Creating app.db... - __main__ - <module> - 23 - MainThread
2025-10-21 10:26:37,388 - INFO - Created app.db - __main__ - <module> - 25 - MainThread
2025-10-21 15:58:40,486 - INFO - Creating app.db... - __main__ - <module> - 23 - MainThread
2025-10-21 15:58:40,626 - INFO - Created app.db - __main__ - <module> - 25 - MainThread
2025-10-21 16:27:42,491 - INFO - Creating app.db... - __main__ - <module> - 24 - MainThread
2025-10-21 16:27:42,495 - INFO - Created app.db - __main__ - <module> - 26 - MainThread
2025-10-21 16:37:04,826 - INFO - Creating app.db... - __main__ - <module> - 24 - MainThread
2025-10-21 16:37:04,830 - INFO - Created app.db - __main__ - <module> - 26 - MainThread
2025-10-21 16:38:17,121 - INFO - Service status: {'installed': False, 'status': 'not_installed'} - src.services.controller - get_status - 49 - MainThread
2025-10-21 16:45:25,929 - INFO - Creating app.db... - __main__ - <module> - 24 - MainThread
2025-10-21 16:45:25,932 - INFO - Created app.db - __main__ - <module> - 26 - MainThread
2025-10-21 16:45:32,879 - INFO - Service status: {'installed': False, 'status': 'not_installed'} - src.services.controller - get_status - 49 - MainThread
2025-10-21 16:46:14,239 - INFO - Service status: {'installed': False, 'status': 'not_installed'} - src.services.controller - get_status - 49 - MainThread
2025-10-21 16:46:43,600 - INFO - Creating app.db... - __main__ - <module> - 24 - MainThread
2025-10-21 16:46:43,604 - INFO - Created app.db - __main__ - <module> - 26 - MainThread
2025-10-21 16:46:47,152 - INFO - Service status: {'installed': False, 'status': 'not_installed'} - src.services.controller - get_status - 49 - MainThread
2025-10-21 16:47:51,303 - INFO - Creating app.db... - __main__ - <module> - 24 - MainThread
2025-10-21 16:47:51,308 - INFO - Created app.db - __main__ - <module> - 26 - MainThread
2025-10-21 16:47:55,167 - INFO - Service status: {'installed': False, 'status': 'not_installed'} - src.services.controller - get_status - 49 - MainThread
2025-10-21 16:52:23,447 - INFO - Creating app.db... - __main__ - <module> - 24 - MainThread
2025-10-21 16:52:23,450 - INFO - Created app.db - __main__ - <module> - 26 - MainThread
2025-10-21 16:52:27,961 - INFO - Service status: {'installed': False, 'status': 'not_installed'} - src.services.controller - get_status - 49 - MainThread
2025-10-21 16:56:48,603 - INFO - Creating app.db... - __main__ - <module> - 24 - MainThread
2025-10-21 16:56:48,607 - INFO - Created app.db - __main__ - <module> - 26 - MainThread
2025-10-21 16:57:07,962 - INFO - Service status: {'installed': False, 'status': 'not_installed'} - src.services.controller - get_status - 49 - MainThread
2025-10-21 16:59:54,024 - INFO - Creating app.db... - __main__ - <module> - 24 - MainThread
2025-10-21 16:59:54,031 - INFO - Created app.db - __main__ - <module> - 26 - MainThread
2025-10-21 17:00:48,026 - INFO - Service status: {'installed': False, 'status': 'not_installed'} - src.services.controller - get_status - 51 - MainThread
2025-10-21 17:11:30,575 - INFO - Creating app.db... - __main__ - <module> - 24 - MainThread
2025-10-21 17:11:30,579 - INFO - Created app.db - __main__ - <module> - 26 - MainThread
2025-10-21 17:17:34,464 - INFO - Creating app.db... - __main__ - <module> - 24 - MainThread
2025-10-21 17:17:34,468 - INFO - Created app.db - __main__ - <module> - 26 - MainThread
2025-10-21 17:17:48,087 - INFO - Service status: {'installed': False, 'status': 'not_installed'} - src.services.controller - get_status - 51 - MainThread
2025-10-21 17:19:09,801 - INFO - Creating app.db... - __main__ - <module> - 24 - MainThread
2025-10-21 17:19:09,806 - INFO - Created app.db - __main__ - <module> - 26 - MainThread
2025-10-21 17:42:40,155 - INFO - Creating app.db... - __main__ - <module> - 24 - MainThread
2025-10-21 17:42:40,159 - INFO - Created app.db - __main__ - <module> - 26 - MainThread
2025-10-21 17:45:11,479 - INFO - Service result: Service installed successfully - src.services.controller - install_service - 31 - MainThread
2025-10-21 19:24:35,203 - INFO - Creating app.db... - __main__ - <module> - 24 - MainThread
2025-10-21 19:24:35,349 - INFO - Created app.db - __main__ - <module> - 26 - MainThread
2025-10-21 23:10:56,655 - INFO - Creating app.db... - __main__ - <module> - 24 - MainThread
2025-10-21 23:10:57,274 - INFO - Created app.db - __main__ - <module> - 26 - MainThread
2025-10-21 23:12:27,008 - INFO - Creating app.db... - __main__ - <module> - 24 - MainThread
2025-10-21 23:12:27,013 - INFO - Created app.db - __main__ - <module> - 26 - MainThread
2025-10-22 06:02:34,022 - INFO - Creating app.db... - __main__ - <module> - 24 - MainThread
2025-10-22 06:02:34,079 - INFO - Created app.db - __main__ - <module> - 26 - MainThread
2025-10-22 13:17:06,347 - INFO - Creating app.db... - __main__ - <module> - 24 - MainThread
2025-10-22 13:17:06,452 - INFO - Created app.db - __main__ - <module> - 26 - MainThread
2025-10-22 13:17:46,529 - INFO - Service status: {'installed': False, 'status': 'not_installed'} - src.services.controller - get_status - 53 - MainThread
2025-10-22 13:17:55,132 - INFO - Service result: Service installed successfully - src.services.controller - install_service - 31 - MainThread
2025-10-22 13:17:59,767 - INFO - Service result: Service installed successfully - src.services.controller - install_service - 31 - MainThread
2025-10-22 13:26:59,474 - ERROR - Error uninstalling service: Uninstallation failed: Traceback (most recent call last):
  File "C:\Users\DIGITAL MARKET\Documents\programme-x3-resident\backend\src\windows-service\service.py", line 2, in <module>
    import win32serviceutil
ModuleNotFoundError: No module named 'win32serviceutil'
 - src.services.controller - uninstall_service - 45 - MainThread
2025-10-22 14:17:42,074 - INFO - Creating app.db... - __main__ - <module> - 24 - MainThread
2025-10-22 14:17:42,118 - INFO - Created app.db - __main__ - <module> - 26 - MainThread
2025-10-22 14:19:38,432 - INFO - Creating app.db... - __main__ - <module> - 24 - MainThread
2025-10-22 14:19:38,463 - INFO - Created app.db - __main__ - <module> - 26 - MainThread
2025-10-22 14:21:56,140 - INFO - Service result: Service uninstalled successfully - src.services.controller - uninstall_service - 42 - MainThread
2025-10-22 14:22:05,620 - INFO - Service result: Service installed successfully - src.services.controller - install_service - 31 - MainThread
2025-10-22 15:09:22,520 - INFO - Creating app.db... - __main__ - <module> - 24 - MainThread
2025-10-22 15:09:22,524 - INFO - Created app.db - __main__ - <module> - 26 - MainThread
2025-10-22 15:20:31,232 - INFO - Service status: {'installed': False, 'status': 'not_installed'} - src.services.controller - get_status - 53 - MainThread
2025-10-22 15:25:00,975 - INFO - Service status: {'installed': False, 'status': 'not_installed'} - src.services.controller - get_status - 53 - MainThread
2025-10-22 15:26:18,813 - INFO - Service result: Service installed successfully - src.services.controller - install_service - 31 - MainThread
2025-10-22 15:26:41,818 - INFO - Service result: Service installed successfully - src.services.controller - install_service - 31 - MainThread
2025-10-22 15:26:50,780 - ERROR - Error starting service: (5, 'OpenSCManager', 'Accès refusé.') - src.services.controller - start_service - 67 - MainThread
2025-10-22 16:12:41,081 - INFO - Service result: Service installed successfully - src.services.controller - install_service - 31 - MainThread
2025-10-22 16:12:47,717 - INFO - Service result: Service installed successfully - src.services.controller - install_service - 31 - MainThread
2025-10-22 16:12:54,376 - INFO - Service result: Service installed successfully - src.services.controller - install_service - 31 - MainThread
2025-10-22 16:13:03,656 - ERROR - Error starting service: (5, 'OpenSCManager', 'Accès refusé.') - src.services.controller - start_service - 67 - MainThread
2025-10-22 16:17:56,230 - ERROR - Error starting service: (5, 'OpenSCManager', 'Accès refusé.') - src.services.controller - start_service - 67 - MainThread
2025-10-22 16:18:11,859 - INFO - Service status: {'installed': False, 'status': 'not_installed'} - src.services.controller - get_status - 53 - MainThread
2025-10-22 16:19:09,988 - INFO - Service result: Service installed successfully - src.services.controller - install_service - 31 - MainThread
2025-10-22 16:19:17,904 - INFO - Service result: Service installed successfully - src.services.controller - install_service - 31 - MainThread
2025-10-22 16:19:29,507 - ERROR - Error starting service: (5, 'OpenSCManager', 'Accès refusé.') - src.services.controller - start_service - 67 - MainThread
2025-10-22 16:21:41,736 - INFO - Service status: {'installed': False, 'status': 'not_installed'} - src.services.controller - get_status - 53 - MainThread
2025-10-22 16:28:33,496 - ERROR - Error starting service: (5, 'OpenSCManager', 'Accès refusé.') - src.services.controller - start_service - 67 - MainThread
2025-10-22 16:33:12,624 - INFO - Service status: {'installed': False, 'status': 'not_installed'} - src.services.controller - get_status - 53 - MainThread
2025-10-22 16:33:26,821 - ERROR - Error starting service: (5, 'OpenSCManager', 'Accès refusé.') - src.services.controller - start_service - 67 - MainThread
2025-10-22 16:47:21,832 - ERROR - Error starting service: (5, 'OpenSCManager', 'Accès refusé.') - src.services.controller - start_service - 67 - MainThread
2025-10-22 16:47:56,644 - INFO - Service result: Service installed successfully - src.services.controller - install_service - 31 - MainThread
2025-10-22 16:48:02,182 - ERROR - Error starting service: (5, 'OpenSCManager', 'Accès refusé.') - src.services.controller - start_service - 67 - MainThread
2025-10-23 11:55:33,180 - INFO - Creating app.db... - __main__ - <module> - 24 - MainThread
2025-10-23 11:55:33,285 - INFO - Created app.db - __main__ - <module> - 26 - MainThread
2025-10-23 11:57:46,081 - INFO - Service result: Service installed successfully - src.services.controller - install_service - 31 - MainThread
2025-10-23 12:40:33,229 - INFO - Service result: Service installed successfully - src.services.controller - install_service - 31 - MainThread
2025-10-23 12:40:42,786 - INFO - Service result: Service installed successfully - src.services.controller - install_service - 31 - MainThread
2025-10-23 13:40:38,395 - INFO - Service status: {'installed': False, 'status': 'not_installed'} - src.services.controller - get_status - 53 - MainThread
2025-10-23 13:42:21,409 - INFO - Service status: {'installed': False, 'status': 'not_installed'} - src.services.controller - get_status - 53 - MainThread
2025-10-23 13:43:39,015 - INFO - Service status: {'installed': False, 'status': 'not_installed'} - src.services.controller - get_status - 53 - MainThread
2025-10-23 13:44:15,206 - INFO - Service status: {'installed': False, 'status': 'not_installed'} - src.services.controller - get_status - 53 - MainThread
2025-10-23 13:44:58,491 - INFO - Service status: {'installed': False, 'status': 'not_installed'} - src.services.controller - get_status - 53 - MainThread
2025-10-23 13:45:21,340 - INFO - Service status: {'installed': False, 'status': 'not_installed'} - src.services.controller - get_status - 53 - MainThread
2025-10-23 13:50:18,550 - INFO - Service status: {'installed': False, 'status': 'not_installed'} - src.services.controller - get_status - 53 - MainThread
2025-10-23 13:56:57,598 - INFO - Creating app.db... - __main__ - <module> - 24 - MainThread
2025-10-23 13:56:57,605 - INFO - Created app.db - __main__ - <module> - 26 - MainThread
2025-10-23 13:58:39,698 - INFO - Service result: Service installed successfully and set to auto-start with Windows - src.services.controller - install_service - 32 - MainThread
2025-10-23 13:58:47,178 - ERROR - Error starting service: Failed to start service: Service is not installed. Please install it first. - src.services.controller - start_service - 68 - MainThread
2025-10-23 13:58:59,618 - INFO - Service result: Service installed successfully and set to auto-start with Windows - src.services.controller - install_service - 32 - MainThread
2025-10-23 14:00:41,284 - ERROR - Error starting service: Failed to start service: Service is not installed. Please install it first. - src.services.controller - start_service - 68 - MainThread
2025-10-23 14:01:37,518 - INFO - Creating app.db... - __main__ - <module> - 24 - MainThread
2025-10-23 14:01:37,524 - INFO - Created app.db - __main__ - <module> - 26 - MainThread
2025-10-23 14:02:35,871 - INFO - Service result: Service installed successfully and set to auto-start with Windows - src.services.controller - install_service - 32 - MainThread
2025-10-23 14:02:54,605 - INFO - Service result: Service installed successfully and set to auto-start with Windows - src.services.controller - install_service - 32 - MainThread
2025-10-23 14:07:32,447 - ERROR - Error starting service: Failed to start service: Service is not installed. Please install it first. - src.services.controller - start_service - 68 - MainThread
2025-10-23 14:46:03,221 - INFO - Creating app.db... - __main__ - <module> - 24 - MainThread
2025-10-23 14:46:03,226 - INFO - Created app.db - __main__ - <module> - 26 - MainThread
2025-10-23 14:46:27,796 - INFO - Creating app.db... - __main__ - <module> - 24 - MainThread
2025-10-23 14:46:27,801 - INFO - Created app.db - __main__ - <module> - 26 - MainThread
2025-10-23 14:51:13,182 - INFO - Service result: Service installed successfully and set to auto-start with Windows - src.services.controller - install_service - 32 - MainThread
2025-10-23 14:52:13,860 - ERROR - Error starting service: Failed to start service: (1053, 'StartService', 'Le service n’a pas répondu assez vite à la demande de lancement ou de contrôle.') - src.services.controller - start_service - 68 - MainThread
2025-10-23 17:56:53,849 - INFO - Creating app.db... - __main__ - <module> - 24 - MainThread
2025-10-23 17:56:53,854 - INFO - Created app.db - __main__ - <module> - 26 - MainThread
2025-10-23 18:06:20,899 - INFO - Service status: {'installed': False, 'status': 'not_installed', 'status_code': None} - src.services.controller - get_status - 54 - MainThread
2025-10-23 18:06:36,613 - INFO - Backend directory: C:\Users\DIGITAL MARKET\Documents\programme-x3-resident\backend - service_manager - get_service_script_path - 64 - MainThread
2025-10-23 18:06:36,614 - INFO - Service script path: C:\Users\DIGITAL MARKET\Documents\programme-x3-resident\backend\src\windows-service\service.py - service_manager - get_service_script_path - 65 - MainThread
2025-10-23 18:06:36,615 - INFO - Service script exists: True - service_manager - get_service_script_path - 66 - MainThread
2025-10-23 18:06:36,615 - INFO - Using Python: C:\Users\DIGITAL MARKET\Documents\programme-x3-resident\backend\.venv\Scripts\python.exe - service_manager - install_service - 87 - MainThread
2025-10-23 18:06:36,696 - ERROR - Error installing service: (5, 'NetUserAdd', 'Accès refusé.') - src.services.controller - install_service - 35 - MainThread
2025-10-23 18:07:08,335 - INFO - Backend directory: C:\Users\DIGITAL MARKET\Documents\programme-x3-resident\backend - service_manager - get_service_script_path - 64 - MainThread
2025-10-23 18:07:08,336 - INFO - Service script path: C:\Users\DIGITAL MARKET\Documents\programme-x3-resident\backend\src\windows-service\service.py - service_manager - get_service_script_path - 65 - MainThread
2025-10-23 18:07:08,338 - INFO - Service script exists: True - service_manager - get_service_script_path - 66 - MainThread
2025-10-23 18:07:08,340 - INFO - Using Python: C:\Users\DIGITAL MARKET\Documents\programme-x3-resident\backend\.venv\Scripts\python.exe - service_manager - install_service - 87 - MainThread
2025-10-23 18:07:08,344 - ERROR - Error installing service: (5, 'NetUserAdd', 'Accès refusé.') - src.services.controller - install_service - 35 - MainThread
2025-10-24 10:14:22,227 - INFO - Creating app.db... - __main__ - <module> - 24 - MainThread
2025-10-24 10:14:22,303 - INFO - Created app.db - __main__ - <module> - 26 - MainThread
2025-10-24 10:17:36,687 - INFO - Service status: {'installed': False, 'status': 'not_installed', 'status_code': None} - src.services.controller - get_status - 54 - MainThread
2025-10-24 10:19:42,272 - ERROR - Error stopping service: Failed to stop service: Service is not installed - src.services.controller - stop_service - 78 - MainThread
2025-10-24 10:19:48,669 - INFO - Backend directory: C:\Users\DIGITAL MARKET\Documents\programme-x3-resident\backend - service_manager - get_service_script_path - 64 - MainThread
2025-10-24 10:19:48,669 - INFO - Service script path: C:\Users\DIGITAL MARKET\Documents\programme-x3-resident\backend\src\windows-service\service.py - service_manager - get_service_script_path - 65 - MainThread
2025-10-24 10:19:48,674 - INFO - Service script exists: True - service_manager - get_service_script_path - 66 - MainThread
2025-10-24 10:19:48,675 - INFO - Using Python: C:\Users\DIGITAL MARKET\Documents\programme-x3-resident\backend\.venv\Scripts\python.exe - service_manager - install_service - 87 - MainThread
2025-10-24 10:19:48,678 - INFO - Running command: C:\Users\DIGITAL MARKET\Documents\programme-x3-resident\backend\.venv\Scripts\python.exe C:\Users\DIGITAL MARKET\Documents\programme-x3-resident\backend\src\windows-service\service.py --username .\DIGITAL MARKET --password 1478500 --startup=auto install - service_manager - install_service - 99 - MainThread
2025-10-24 10:19:48,688 - INFO - Working directory: C:\Users\DIGITAL MARKET\Documents\programme-x3-resident\backend\src\windows-service - service_manager - install_service - 100 - MainThread
2025-10-24 10:19:49,803 - INFO - Return code: 0 - service_manager - install_service - 109 - MainThread
2025-10-24 10:19:49,803 - INFO - STDOUT: Installing service WAZAPOS
Error installing service: Accès refusé. (5)
 - service_manager - install_service - 110 - MainThread
2025-10-24 10:19:49,804 - INFO - STDERR:  - service_manager - install_service - 111 - MainThread
2025-10-24 10:19:49,804 - INFO - Service result: Service installed successfully and set to auto-start with Windows - src.services.controller - install_service - 32 - MainThread
2025-10-24 10:20:36,087 - INFO - Creating app.db... - __main__ - <module> - 24 - MainThread
2025-10-24 10:20:36,092 - INFO - Created app.db - __main__ - <module> - 26 - MainThread
